<?xml version="1.0" encoding="utf-8"?>
<test-run id="2" testcasecount="2" result="Failed(Child)" total="2" passed="0" failed="2" inconclusive="0" skipped="0" asserts="0" engine-version="3.5.0.0" clr-version="4.0.30319.42000" start-time="2026-09-17 14:29:22Z" end-time="2026-09-17 14:29:22Z" duration="0.1076125">
  <test-suite type="TestSuite" id="1000" name="KaiisaTown" fullname="KaiisaTown" runstate="Runnable" testcasecount="866" result="Failed" site="Child" start-time="2026-09-17 14:29:22Z" end-time="2026-09-17 14:29:22Z" duration="0.107613" total="2" passed="0" failed="2" inconclusive="0" skipped="0" asserts="0">
    <properties>
      <property name="platform" value="EditMode" />
    </properties>
    <failure>
      <message><![CDATA[One or more child tests had errors]]></message>
    </failure>
    <test-suite type="Assembly" id="1754" name="CozyTown.Tests.EditMode.dll" fullname="[isolated-project]/Library/ScriptAssemblies/CozyTown.Tests.EditMode.dll" runstate="Runnable" testcasecount="627" result="Failed" site="Child" start-time="2026-09-17 14:29:22Z" end-time="2026-09-17 14:29:22Z" duration="0.092170" total="2" passed="0" failed="2" inconclusive="0" skipped="0" asserts="0">
      <properties>
        <property name="_PID" value="79004" />
        <property name="_APPDOMAIN" value="Unity Child Domain" />
        <property name="platform" value="EditMode" />
        <property name="EditorOnly" value="True" />
      </properties>
      <failure>
        <message><![CDATA[One or more child tests had errors]]></message>
      </failure>
      <test-suite type="TestSuite" id="1755" name="CozyTown" fullname="CozyTown" runstate="Runnable" testcasecount="627" result="Failed" site="Child" start-time="2026-09-17 14:29:22Z" end-time="2026-09-17 14:29:22Z" duration="0.086243" total="2" passed="0" failed="2" inconclusive="0" skipped="0" asserts="0">
        <properties />
        <failure>
          <message><![CDATA[One or more child tests had errors]]></message>
        </failure>
        <test-suite type="TestSuite" id="1756" name="Tests" fullname="CozyTown.Tests" runstate="Runnable" testcasecount="627" result="Failed" site="Child" start-time="2026-09-17 14:29:22Z" end-time="2026-09-17 14:29:22Z" duration="0.080463" total="2" passed="0" failed="2" inconclusive="0" skipped="0" asserts="0">
          <properties />
          <failure>
            <message><![CDATA[One or more child tests had errors]]></message>
          </failure>
          <test-suite type="TestSuite" id="1757" name="EditMode" fullname="CozyTown.Tests.EditMode" runstate="Runnable" testcasecount="627" result="Failed" site="Child" start-time="2026-09-17 14:29:22Z" end-time="2026-09-17 14:29:22Z" duration="0.075014" total="2" passed="0" failed="2" inconclusive="0" skipped="0" asserts="0">
            <properties />
            <failure>
              <message><![CDATA[One or more child tests had errors]]></message>
            </failure>
            <test-suite type="TestSuite" id="1761" name="NpcAgents" fullname="CozyTown.Tests.EditMode.NpcAgents" runstate="Runnable" testcasecount="269" result="Failed" site="Child" start-time="2026-09-17 14:29:22Z" end-time="2026-09-17 14:29:22Z" duration="0.070292" total="2" passed="0" failed="2" inconclusive="0" skipped="0" asserts="0">
              <properties />
              <failure>
                <message><![CDATA[One or more child tests had errors]]></message>
              </failure>
              <test-suite type="TestFixture" id="1201" name="NpcDecisionRecoveryTests" fullname="CozyTown.Tests.EditMode.NpcAgents.NpcDecisionRecoveryTests" classname="CozyTown.Tests.EditMode.NpcAgents.NpcDecisionRecoveryTests" runstate="Runnable" testcasecount="2" result="Failed" site="Child" start-time="2026-09-17 14:29:22Z" end-time="2026-09-17 14:29:22Z" duration="0.066961" total="2" passed="0" failed="2" inconclusive="0" skipped="0" asserts="0">
                <properties />
                <failure>
                  <message><![CDATA[One or more child tests had errors]]></message>
                </failure>
                <test-case id="1202" name="DispatchObservation_ClosingReadinessGatePreventsModelRequest" fullname="CozyTown.Tests.EditMode.NpcAgents.NpcDecisionRecoveryTests.DispatchObservation_ClosingReadinessGatePreventsModelRequest" methodname="DispatchObservation_ClosingReadinessGatePreventsModelRequest" classname="CozyTown.Tests.EditMode.NpcAgents.NpcDecisionRecoveryTests" runstate="Runnable" seed="1428425911" result="Failed" start-time="2026-09-17 14:29:22Z" end-time="2026-09-17 14:29:22Z" duration="0.042839" asserts="0">
                  <properties>
                    <property name="retryIteration" value="0" />
                    <property name="repeatIteration" value="0" />
                  </properties>
                  <failure>
                    <message><![CDATA[  Expected: <empty>
  But was:  < <CozyTown.Runtime.NpcAgents.NpcDecisionRequest> >
]]></message>
                    <stack-trace><![CDATA[at CozyTown.Tests.EditMode.NpcAgents.NpcDecisionRecoveryTests.DispatchObservation_ClosingReadinessGatePreventsModelRequest () [0x00071] in [isolated-project]\Assets\CozyTown\Tests\EditMode\NpcAgents\NpcDecisionRecoveryTests.cs:47
]]></stack-trace>
                  </failure>
                </test-case>
                <test-case id="1203" name="ExecutionObservation_ClosingReadinessGateRejectsCompletedVisit" fullname="CozyTown.Tests.EditMode.NpcAgents.NpcDecisionRecoveryTests.ExecutionObservation_ClosingReadinessGateRejectsCompletedVisit" methodname="ExecutionObservation_ClosingReadinessGateRejectsCompletedVisit" classname="CozyTown.Tests.EditMode.NpcAgents.NpcDecisionRecoveryTests" runstate="Runnable" seed="707231037" result="Failed" start-time="2026-09-17 14:29:22Z" end-time="2026-09-17 14:29:22Z" duration="0.010050" asserts="0">
                  <properties>
                    <property name="retryIteration" value="0" />
                    <property name="repeatIteration" value="0" />
                  </properties>
                  <failure>
                    <message><![CDATA[  Expected: null
  But was:  <CozyTown.Runtime.NpcAgents.NpcActivityRequest>
]]></message>
                    <stack-trace><![CDATA[at CozyTown.Tests.EditMode.NpcAgents.NpcDecisionRecoveryTests.ExecutionObservation_ClosingReadinessGateRejectsCompletedVisit () [0x000c9] in [isolated-project]\Assets\CozyTown\Tests\EditMode\NpcAgents\NpcDecisionRecoveryTests.cs:75
]]></stack-trace>
                  </failure>
                  <output><![CDATA[Saving results to: [user-home]/AppData/LocalLow/Kaiisa/KaiisaTown\TestResults.xml
]]></output>
                </test-case>
              </test-suite>
            </test-suite>
          </test-suite>
        </test-suite>
      </test-suite>
    </test-suite>
  </test-suite>
</test-run>