<?xml version="1.0" encoding="utf-8"?>
<test-run id="2" testcasecount="5" result="Failed(Child)" total="5" passed="3" failed="2" inconclusive="0" skipped="0" asserts="0" engine-version="3.5.0.0" clr-version="4.0.30319.42000" start-time="2026-09-17 14:17:15Z" end-time="2026-09-17 14:17:15Z" duration="0.1959015">
  <test-suite type="TestSuite" id="1290" name="KaiisaTown" fullname="KaiisaTown" runstate="Runnable" testcasecount="220" result="Failed" site="Child" start-time="2026-09-17 14:17:15Z" end-time="2026-09-17 14:17:15Z" duration="0.195902" total="5" passed="3" failed="2" inconclusive="0" skipped="0" asserts="0">
    <properties>
      <property name="platform" value="PlayMode" />
    </properties>
    <failure>
      <message><![CDATA[One or more child tests had errors]]></message>
    </failure>
    <test-suite type="Assembly" id="1283" name="CozyTown.Tests.PlayMode.dll" fullname="[isolated-project]/Library/ScriptAssemblies/CozyTown.Tests.PlayMode.dll" runstate="Runnable" testcasecount="220" result="Failed" site="Child" start-time="2026-09-17 14:17:15Z" end-time="2026-09-17 14:17:15Z" duration="0.187657" total="5" passed="3" failed="2" inconclusive="0" skipped="0" asserts="0">
      <properties>
        <property name="_PID" value="116912" />
        <property name="_APPDOMAIN" value="Unity Child Domain" />
        <property name="platform" value="PlayMode" />
        <property name="EditorOnly" value="False" />
      </properties>
      <failure>
        <message><![CDATA[One or more child tests had errors]]></message>
      </failure>
      <test-suite type="TestSuite" id="1284" name="CozyTown" fullname="CozyTown" runstate="Runnable" testcasecount="220" result="Failed" site="Child" start-time="2026-09-17 14:17:15Z" end-time="2026-09-17 14:17:15Z" duration="0.185078" total="5" passed="3" failed="2" inconclusive="0" skipped="0" asserts="0">
        <properties />
        <failure>
          <message><![CDATA[One or more child tests had errors]]></message>
        </failure>
        <test-suite type="TestSuite" id="1285" name="Tests" fullname="CozyTown.Tests" runstate="Runnable" testcasecount="220" result="Failed" site="Child" start-time="2026-09-17 14:17:15Z" end-time="2026-09-17 14:17:15Z" duration="0.182836" total="5" passed="3" failed="2" inconclusive="0" skipped="0" asserts="0">
          <properties />
          <failure>
            <message><![CDATA[One or more child tests had errors]]></message>
          </failure>
          <test-suite type="TestSuite" id="1286" name="PlayMode" fullname="CozyTown.Tests.PlayMode" runstate="Runnable" testcasecount="220" result="Failed" site="Child" start-time="2026-09-17 14:17:15Z" end-time="2026-09-17 14:17:15Z" duration="0.180595" total="5" passed="3" failed="2" inconclusive="0" skipped="0" asserts="0">
            <properties />
            <failure>
              <message><![CDATA[One or more child tests had errors]]></message>
            </failure>
            <test-suite type="TestFixture" id="1142" name="NpcLoadRecoveryPlayModeTests" fullname="CozyTown.Tests.PlayMode.NpcLoadRecoveryPlayModeTests" classname="CozyTown.Tests.PlayMode.NpcLoadRecoveryPlayModeTests" runstate="Runnable" testcasecount="5" result="Failed" site="Child" start-time="2026-09-17 14:17:15Z" end-time="2026-09-17 14:17:15Z" duration="0.177124" total="5" passed="3" failed="2" inconclusive="0" skipped="0" asserts="0">
              <properties />
              <failure>
                <message><![CDATA[One or more child tests had errors]]></message>
              </failure>
              <test-suite type="ParameterizedMethod" id="1149" name="Notification_ReentrantCommandsCannotReplaceWorldOrScheduler" fullname="CozyTown.Tests.PlayMode.NpcLoadRecoveryPlayModeTests.Notification_ReentrantCommandsCannotReplaceWorldOrScheduler" classname="CozyTown.Tests.PlayMode.NpcLoadRecoveryPlayModeTests" runstate="Runnable" testcasecount="2" result="Failed" site="Child" start-time="2026-09-17 14:17:15Z" end-time="2026-09-17 14:17:15Z" duration="0.156266" total="2" passed="0" failed="2" inconclusive="0" skipped="0" asserts="0">
                <properties />
                <failure>
                  <message><![CDATA[One or more child tests had errors]]></message>
                </failure>
                <test-case id="1147" name="Notification_ReentrantCommandsCannotReplaceWorldOrScheduler(False)" fullname="CozyTown.Tests.PlayMode.NpcLoadRecoveryPlayModeTests.Notification_ReentrantCommandsCannotReplaceWorldOrScheduler(False)" methodname="Notification_ReentrantCommandsCannotReplaceWorldOrScheduler" classname="CozyTown.Tests.PlayMode.NpcLoadRecoveryPlayModeTests" runstate="Runnable" seed="366569429" result="Failed" start-time="2026-09-17 14:17:15Z" end-time="2026-09-17 14:17:15Z" duration="0.142685" asserts="0">
                  <properties>
                    <property name="retryIteration" value="0" />
                    <property name="repeatIteration" value="0" />
                  </properties>
                  <failure>
                    <message><![CDATA[  Expected: <System.InvalidOperationException>
  But was:  null
]]></message>
                    <stack-trace><![CDATA[at CozyTown.Tests.PlayMode.NpcLoadRecoveryPlayModeTests.Notification_ReentrantCommandsCannotReplaceWorldOrScheduler (System.Boolean presentation) [0x0009d] in [isolated-project]\Assets\CozyTown\Tests\PlayMode\NpcLoadRecoveryPlayModeTests.cs:152
]]></stack-trace>
                  </failure>
                </test-case>
                <test-case id="1148" name="Notification_ReentrantCommandsCannotReplaceWorldOrScheduler(True)" fullname="CozyTown.Tests.PlayMode.NpcLoadRecoveryPlayModeTests.Notification_ReentrantCommandsCannotReplaceWorldOrScheduler(True)" methodname="Notification_ReentrantCommandsCannotReplaceWorldOrScheduler" classname="CozyTown.Tests.PlayMode.NpcLoadRecoveryPlayModeTests" runstate="Runnable" seed="1783234025" result="Failed" start-time="2026-09-17 14:17:15Z" end-time="2026-09-17 14:17:15Z" duration="0.002378" asserts="0">
                  <properties>
                    <property name="retryIteration" value="0" />
                    <property name="repeatIteration" value="0" />
                  </properties>
                  <failure>
                    <message><![CDATA[  Expected: <System.InvalidOperationException>
  But was:  null
]]></message>
                    <stack-trace><![CDATA[at CozyTown.Tests.PlayMode.NpcLoadRecoveryPlayModeTests.Notification_ReentrantCommandsCannotReplaceWorldOrScheduler (System.Boolean presentation) [0x0009d] in [isolated-project]\Assets\CozyTown\Tests\PlayMode\NpcLoadRecoveryPlayModeTests.cs:152
]]></stack-trace>
                  </failure>
                </test-case>
              </test-suite>
              <test-suite type="ParameterizedMethod" id="1146" name="PostCommitFailure_ReportsCommittedSaveAndFreezesDecisionsUntilReload" fullname="CozyTown.Tests.PlayMode.NpcLoadRecoveryPlayModeTests.PostCommitFailure_ReportsCommittedSaveAndFreezesDecisionsUntilReload" classname="CozyTown.Tests.PlayMode.NpcLoadRecoveryPlayModeTests" runstate="Runnable" testcasecount="3" result="Passed" start-time="2026-09-17 14:17:15Z" end-time="2026-09-17 14:17:15Z" duration="0.017684" total="3" passed="3" failed="0" inconclusive="0" skipped="0" asserts="0">
                <properties />
                <test-case id="1143" name="PostCommitFailure_ReportsCommittedSaveAndFreezesDecisionsUntilReload(&quot;before&quot;)" fullname="CozyTown.Tests.PlayMode.NpcLoadRecoveryPlayModeTests.PostCommitFailure_ReportsCommittedSaveAndFreezesDecisionsUntilReload(&quot;before&quot;)" methodname="PostCommitFailure_ReportsCommittedSaveAndFreezesDecisionsUntilReload" classname="CozyTown.Tests.PlayMode.NpcLoadRecoveryPlayModeTests" runstate="Runnable" seed="820629037" result="Passed" start-time="2026-09-17 14:17:15Z" end-time="2026-09-17 14:17:15Z" duration="0.011525" asserts="0">
                  <properties>
                    <property name="retryIteration" value="0" />
                    <property name="repeatIteration" value="0" />
                  </properties>
                </test-case>
                <test-case id="1144" name="PostCommitFailure_ReportsCommittedSaveAndFreezesDecisionsUntilReload(&quot;after&quot;)" fullname="CozyTown.Tests.PlayMode.NpcLoadRecoveryPlayModeTests.PostCommitFailure_ReportsCommittedSaveAndFreezesDecisionsUntilReload(&quot;after&quot;)" methodname="PostCommitFailure_ReportsCommittedSaveAndFreezesDecisionsUntilReload" classname="CozyTown.Tests.PlayMode.NpcLoadRecoveryPlayModeTests" runstate="Runnable" seed="1527819335" result="Passed" start-time="2026-09-17 14:17:15Z" end-time="2026-09-17 14:17:15Z" duration="0.001924" asserts="0">
                  <properties>
                    <property name="retryIteration" value="0" />
                    <property name="repeatIteration" value="0" />
                  </properties>
                </test-case>
                <test-case id="1145" name="PostCommitFailure_ReportsCommittedSaveAndFreezesDecisionsUntilReload(&quot;body&quot;)" fullname="CozyTown.Tests.PlayMode.NpcLoadRecoveryPlayModeTests.PostCommitFailure_ReportsCommittedSaveAndFreezesDecisionsUntilReload(&quot;body&quot;)" methodname="PostCommitFailure_ReportsCommittedSaveAndFreezesDecisionsUntilReload" classname="CozyTown.Tests.PlayMode.NpcLoadRecoveryPlayModeTests" runstate="Runnable" seed="1407812988" result="Passed" start-time="2026-09-17 14:17:15Z" end-time="2026-09-17 14:17:15Z" duration="0.002102" asserts="0">
                  <properties>
                    <property name="retryIteration" value="0" />
                    <property name="repeatIteration" value="0" />
                  </properties>
                  <output><![CDATA[Saving results to: [user-home]/AppData/LocalLow/Kaiisa/KaiisaTown\TestResults.xml
]]></output>
                </test-case>
              </test-suite>
            </test-suite>
          </test-suite>
        </test-suite>
      </test-suite>
    </test-suite>
  </test-suite>
</test-run>